SUMMARY OF C0NVERGENCE INFORMATION
  STEP   INC  ATT   ITER     CONT.   RESID.        CORR.      RESID.      CORR.
                              EL.    FORCE         DISP       FLUX        TEMP.
                              (#)     (%)           (%)        (%)         (%)
     1     1     1     1        0  0.4325E+00  0.1000E+03  0.0000E+00  0.0000E+00
     1     1     1     2        0  0.0000E+00  0.9962E-03  0.0000E+00  0.0000E+00
     1     2     1     1        0  0.0000E+00  0.1991E-02  0.0000E+00  0.0000E+00
     1     2     1     2        0  0.0000E+00  0.3104E-10  0.0000E+00  0.0000E+00
     1     3     1     1        0  0.0000E+00  0.2487E-02  0.0000E+00  0.0000E+00
     1     3     1     2        0  0.0000E+00  0.6978E-10  0.0000E+00  0.0000E+00
     1     4     1     1        0  0.5165E+02  0.1956E+00  0.0000E+00  0.0000E+00
     1     4     1     2        0  0.1978E-01  0.2220E-01  0.0000E+00  0.0000E+00
     1     5     1     1        0  0.2783E+03  0.1726E+01  0.0000E+00  0.0000E+00
     1     5     1     2        0  0.8827E+02  0.2677E+00  0.0000E+00  0.0000E+00
     1     5     1     3        0  0.6898E+01  0.6497E-01  0.0000E+00  0.0000E+00
     1     5     1     4        0  0.0000E+00  0.1676E-02  0.0000E+00  0.0000E+00
     1     6     1     1        0  0.3775E+04  0.2228E+02  0.0000E+00  0.0000E+00
     1     6     1     2        0  0.4921E+03  0.2334E+01  0.0000E+00  0.0000E+00
     1     6     1     3        0  0.5688E+02  0.4170E+00  0.0000E+00  0.0000E+00
     1     6     1     4        0  0.3929E+01  0.4751E-01  0.0000E+00  0.0000E+00
     1     6     1     5        0  0.4540E-02  0.2154E-02  0.0000E+00  0.0000E+00
     1     7     1     1        0  0.2748E+04  0.1806E+02  0.0000E+00  0.0000E+00
     1     7     1     2        0  0.6446E+03  0.4034E+01  0.0000E+00  0.0000E+00
     1     7     1     3        0  0.4437E+02  0.5424E+00  0.0000E+00  0.0000E+00
     1     7     1     4        0  0.1255E+02  0.1053E+00  0.0000E+00  0.0000E+00
     1     7     1     5        0  0.2874E+01  0.1254E-01  0.0000E+00  0.0000E+00
     1     7     1     6        0  0.3282E-02  0.1288E-02  0.0000E+00  0.0000E+00
     1     8     1     1        0  0.3326E+03  0.3196E+01  0.0000E+00  0.0000E+00
     1     8     1     2        0  0.2886E+02  0.3182E+00  0.0000E+00  0.0000E+00
     1     8     1     3        0  0.2799E+01  0.1553E-01  0.0000E+00  0.0000E+00
     1     8     1     4        0  0.1906E-02  0.1110E-02  0.0000E+00  0.0000E+00
     1     9     1     1        0  0.2967E+03  0.3160E+01  0.0000E+00  0.0000E+00
     1     9     1     2        0  0.1310E+02  0.1998E+00  0.0000E+00  0.0000E+00
     1     9     1     3        0  0.1179E-01  0.1748E-01  0.0000E+00  0.0000E+00
     1    10     1     1        0  0.7669E+02  0.7906E+00  0.0000E+00  0.0000E+00
     1    10     1     2        0  0.2426E+01  0.9742E-01  0.0000E+00  0.0000E+00
     1    10     1     3        0  0.2399E-02  0.4323E-02  0.0000E+00  0.0000E+00
     1    11     1     1        0  0.2970E+02  0.6490E+00  0.0000E+00  0.0000E+00
     1    11     1     2        0  0.3211E+00  0.4515E-01  0.0000E+00  0.0000E+00
     1    12     1     1        0  0.2757E+02  0.5490E+00  0.0000E+00  0.0000E+00
     1    12     1     2        0  0.3089E+00  0.4635E-01  0.0000E+00  0.0000E+00
     1    13     1     1        0  0.7054E+01  0.4409E+00  0.0000E+00  0.0000E+00
     1    13     1     2        0  0.1327E-01  0.4503E-01  0.0000E+00  0.0000E+00
     1    14     1     1        0  0.9549E+01  0.8514E+00  0.0000E+00  0.0000E+00
     1    14     1     2        0  0.7134E-01  0.3247E-01  0.0000E+00  0.0000E+00
     1    15     1     1        0  0.4246E+01  0.1493E+01  0.0000E+00  0.0000E+00
     1    15     1     2        0  0.1347E-01  0.6025E-01  0.0000E+00  0.0000E+00
     1    16     1     1        0  0.1334E+02  0.8631E+00  0.0000E+00  0.0000E+00
     1    16     1     2        0  0.1912E-01  0.8778E-01  0.0000E+00  0.0000E+00
     1    17     1     1        0  0.4317E+01  0.1633E+01  0.0000E+00  0.0000E+00
     1    17     1     2        0  0.8454E+00  0.5337E-01  0.0000E+00  0.0000E+00
     1    17     1     3        0  0.0000E+00  0.2363E-02  0.0000E+00  0.0000E+00
     1    18     1     1        0  0.3790E+01  0.3016E+01  0.0000E+00  0.0000E+00
     1    18     1     2        0  0.6071E-01  0.2472E+00  0.0000E+00  0.0000E+00
     1    19     1     1        0  0.1868E+01  0.3089E+01  0.0000E+00  0.0000E+00
     1    19     1     2        0  0.5865E-01  0.2318E+00  0.0000E+00  0.0000E+00
     1    20     1     1        0  0.3126E+01  0.4255E+01  0.0000E+00  0.0000E+00
     1    20     1     2        0  0.1456E+00  0.5189E+00  0.0000E+00  0.0000E+00
     1    21     1     1        0  0.7111E+01  0.7218E+01  0.0000E+00  0.0000E+00
     1    21     1     2        0  0.7582E+00  0.1841E+01  0.0000E+00  0.0000E+00
     1    21     1     3        0  0.1026E-01  0.7300E-01  0.0000E+00  0.0000E+00
     1    22     1     1        0  0.1571E+02  0.1114E+02  0.0000E+00  0.0000E+00
     1    22     1     2        0  0.8852E+01  0.5095E+01  0.0000E+00  0.0000E+00
     1    22     1     3        0  0.1235E+01  0.3558E+00  0.0000E+00  0.0000E+00
     1    22     1     4        0  0.1986E+00  0.6252E-01  0.0000E+00  0.0000E+00
     1    23     1     1        0  0.8989E+03  0.2316E+02  0.0000E+00  0.0000E+00
     1    23     1     2        0  0.5810E+03  0.1381E+02  0.0000E+00  0.0000E+00
     1    23     1     3        0  0.1070E+04  0.1620E+02  0.0000E+00  0.0000E+00
     1    23     1     4        0  0.2323E+04  0.8695E+02  0.0000E+00  0.0000E+00
     1    23     2     1        0  0.8215E+02  0.1286E+02  0.0000E+00  0.0000E+00
     1    23     2     2        0  0.9646E+01  0.4255E+01  0.0000E+00  0.0000E+00
     1    23     2     3        0  0.4561E+01  0.1011E+01  0.0000E+00  0.0000E+00
     1    23     2     4        0  0.4863E+01  0.6551E+00  0.0000E+00  0.0000E+00
     1    23     2     5        0  0.1929E+01  0.8201E+00  0.0000E+00  0.0000E+00
     1    23     2     6        0  0.8851E+00  0.1298E+00  0.0000E+00  0.0000E+00
     1    23     2     7        0  0.1865E+00  0.3245E-01  0.0000E+00  0.0000E+00
     1    24     1     1        0  0.7916E+01  0.2577E+01  0.0000E+00  0.0000E+00
     1    24     1     2        0  0.1317E+01  0.2849E+00  0.0000E+00  0.0000E+00
     1    24     1     3        0  0.5731E+00  0.7583E-01  0.0000E+00  0.0000E+00
     1    24     1     4        0  0.1563E+00  0.2203E-01  0.0000E+00  0.0000E+00
     1    25     1     1        0  0.7729E+01  0.2343E+01  0.0000E+00  0.0000E+00
     1    25     1     2        0  0.1837E+01  0.2674E+00  0.0000E+00  0.0000E+00
     1    25     1     3        0  0.1035E+01  0.7836E-01  0.0000E+00  0.0000E+00
     1    25     1     4        0  0.2275E+00  0.1827E-01  0.0000E+00  0.0000E+00
     1    26     1     1        0  0.1862E+02  0.3373E+01  0.0000E+00  0.0000E+00
     1    26     1     2        0  0.2417E+01  0.2497E+00  0.0000E+00  0.0000E+00
     1    26     1     3        0  0.6365E+00  0.6039E-01  0.0000E+00  0.0000E+00
     1    26     1     4        0  0.5929E-01  0.1049E-01  0.0000E+00  0.0000E+00
     1    27     1     1        0  0.3389E+02  0.6199E+01  0.0000E+00  0.0000E+00
     1    27     1     2        0  0.2858E+01  0.2619E+00  0.0000E+00  0.0000E+00
     1    27     1     3        0  0.1258E+01  0.7069E-01  0.0000E+00  0.0000E+00
     1    27     1     4        0  0.2249E+00  0.6424E-02  0.0000E+00  0.0000E+00
     1    28     1     1        0  0.1659E+03  0.1173E+02  0.0000E+00  0.0000E+00
     1    28     1     2        0  0.2344E+02  0.2119E+01  0.0000E+00  0.0000E+00
     1    28     1     3        0  0.1167E+02  0.5810E+00  0.0000E+00  0.0000E+00
     1    28     1     4        0  0.1157E+02  0.2248E+00  0.0000E+00  0.0000E+00
     1    28     1     5        0  0.1791E+01  0.5846E-01  0.0000E+00  0.0000E+00
     1    28     1     6        0  0.1167E+00  0.3977E-02  0.0000E+00  0.0000E+00
     1    29     1     1        0  0.1520E+03  0.7261E+01  0.0000E+00  0.0000E+00
     1    29     1     2        0  0.2669E+02  0.1260E+01  0.0000E+00  0.0000E+00
     1    29     1     3        0  0.7487E+01  0.2074E+00  0.0000E+00  0.0000E+00
     1    29     1     4        0  0.2097E+01  0.4302E-01  0.0000E+00  0.0000E+00
     1    29     1     5        0  0.1515E+00  0.4289E-02  0.0000E+00  0.0000E+00
     1    30     1     1        0  0.4690E+02  0.5172E+01  0.0000E+00  0.0000E+00
     1    30     1     2        0  0.9611E+01  0.4571E+00  0.0000E+00  0.0000E+00
     1    30     1     3        0  0.1304E+01  0.3853E-01  0.0000E+00  0.0000E+00
     1    30     1     4        0  0.1388E-01  0.2139E-02  0.0000E+00  0.0000E+00
     1    31     1     1        0  0.5221E+02  0.4449E+01  0.0000E+00  0.0000E+00
     1    31     1     2        0  0.9372E+01  0.3099E+00  0.0000E+00  0.0000E+00
     1    31     1     3        0  0.5535E+00  0.3280E-01  0.0000E+00  0.0000E+00
     1    31     1     4        0  0.0000E+00  0.1119E-02  0.0000E+00  0.0000E+00
     1    32     1     1        0  0.5884E+02  0.4370E+01  0.0000E+00  0.0000E+00
     1    32     1     2        0  0.8708E+01  0.5845E+00  0.0000E+00  0.0000E+00
     1    32     1     3        0  0.4098E+00  0.2070E-01  0.0000E+00  0.0000E+00
     1    33     1     1        0  0.4963E+02  0.4078E+01  0.0000E+00  0.0000E+00
     1    33     1     2        0  0.1096E+02  0.5679E+00  0.0000E+00  0.0000E+00
     1    33     1     3        0  0.2890E+01  0.7597E-01  0.0000E+00  0.0000E+00
     1    33     1     4        0  0.5792E-02  0.7920E-02  0.0000E+00  0.0000E+00
     1    34     1     1        0  0.7630E+02  0.4039E+01  0.0000E+00  0.0000E+00
     1    34     1     2        0  0.1067E+02  0.5042E+00  0.0000E+00  0.0000E+00
     1    34     1     3        0  0.2827E+01  0.9767E-01  0.0000E+00  0.0000E+00
     1    34     1     4        0  0.3426E-02  0.8004E-02  0.0000E+00  0.0000E+00
     1    35     1     1        0  0.6703E+02  0.4120E+01  0.0000E+00  0.0000E+00
     1    35     1     2        0  0.5548E+01  0.5625E+00  0.0000E+00  0.0000E+00
     1    35     1     3        0  0.7277E+00  0.1816E-01  0.0000E+00  0.0000E+00
     1    35     1     4        0  0.0000E+00  0.2478E-02  0.0000E+00  0.0000E+00
     1    36     1     1        0  0.4382E+02  0.4228E+01  0.0000E+00  0.0000E+00
     1    36     1     2        0  0.1673E+02  0.6415E+00  0.0000E+00  0.0000E+00
     1    36     1     3        0  0.7658E+00  0.1331E+00  0.0000E+00  0.0000E+00
     1    36     1     4        0  0.0000E+00  0.2340E-02  0.0000E+00  0.0000E+00
     1    37     1     1        0  0.4772E+02  0.4117E+01  0.0000E+00  0.0000E+00
     1    37     1     2        0  0.9532E+01  0.6953E+00  0.0000E+00  0.0000E+00
     1    37     1     3        0  0.2274E+00  0.6551E-01  0.0000E+00  0.0000E+00
     1    38     1     1        0  0.4315E+02  0.4044E+01  0.0000E+00  0.0000E+00
     1    38     1     2        0  0.7309E+01  0.8091E+00  0.0000E+00  0.0000E+00
     1    38     1     3        0  0.2760E+00  0.8014E-01  0.0000E+00  0.0000E+00
     1    39     1     1        0  0.9131E+02  0.3985E+01  0.0000E+00  0.0000E+00
     1    39     1     2        0  0.9302E+01  0.8715E+00  0.0000E+00  0.0000E+00
     1    39     1     3        0  0.3768E+01  0.7364E-01  0.0000E+00  0.0000E+00
     1    39     1     4        0  0.2686E-02  0.8211E-02  0.0000E+00  0.0000E+00
     1    40     1     1        0  0.4720E+02  0.4370E+01  0.0000E+00  0.0000E+00
     1    40     1     2        0  0.1054E+02  0.8552E+00  0.0000E+00  0.0000E+00
     1    40     1     3        0  0.2157E+00  0.6184E-01  0.0000E+00  0.0000E+00
     1    41     1     1        0  0.1237E+03  0.3697E+01  0.0000E+00  0.0000E+00
     1    41     1     2        0  0.1068E+02  0.8268E+00  0.0000E+00  0.0000E+00
     1    41     1     3        0  0.3852E-01  0.2653E-01  0.0000E+00  0.0000E+00
     1    42     1     1        0  0.9270E+02  0.3477E+01  0.0000E+00  0.0000E+00
     1    42     1     2        0  0.5518E+01  0.7333E+00  0.0000E+00  0.0000E+00
     1    42     1     3        0  0.8144E+00  0.6134E-01  0.0000E+00  0.0000E+00
     1    42     1     4        0  0.1015E-02  0.8207E-03  0.0000E+00  0.0000E+00
     1    43     1     1        0  0.5210E+02  0.3441E+01  0.0000E+00  0.0000E+00
     1    43     1     2        0  0.1166E+02  0.6388E+00  0.0000E+00  0.0000E+00
     1    43     1     3        0  0.7919E-01  0.5888E-01  0.0000E+00  0.0000E+00
     1    44     1     1        0  0.2835E+03  0.3520E+01  0.0000E+00  0.0000E+00
     1    44     1     2        0  0.3881E+02  0.6623E+00  0.0000E+00  0.0000E+00
     1    44     1     3        0  0.7581E+00  0.1354E+00  0.0000E+00  0.0000E+00
     1    44     1     4        0  0.8228E-03  0.3097E-02  0.0000E+00  0.0000E+00
     1    45     1     1        0  0.2169E+02  0.3408E+01  0.0000E+00  0.0000E+00
     1    45     1     2        0  0.5165E+01  0.4757E+00  0.0000E+00  0.0000E+00
     1    45     1     3        0  0.1541E+01  0.1356E-01  0.0000E+00  0.0000E+00
     1    45     1     4        0  0.1250E-02  0.3465E-02  0.0000E+00  0.0000E+00
     1    46     1     1        0  0.1176E+03  0.2990E+01  0.0000E+00  0.0000E+00
     1    46     1     2        0  0.5409E+01  0.4615E+00  0.0000E+00  0.0000E+00
     1    46     1     3        0  0.7331E+00  0.9078E-02  0.0000E+00  0.0000E+00
     1    46     1     4        0  0.7805E-03  0.1482E-02  0.0000E+00  0.0000E+00
     1    47     1     1        0  0.1482E+03  0.2556E+01  0.0000E+00  0.0000E+00
     1    47     1     2        0  0.6215E+01  0.3985E+00  0.0000E+00  0.0000E+00
     1    47     1     3        0  0.2243E-01  0.4775E-01  0.0000E+00  0.0000E+00
     1    48     1     1        0  0.4971E+00  0.1712E+01  0.0000E+00  0.0000E+00
     1    48     1     2        0  0.1338E-02  0.3150E-01  0.0000E+00  0.0000E+00
