SUMMARY OF C0NVERGENCE INFORMATION
  STEP   INC  ATT   ITER     CONT.   RESID.        CORR.      RESID.      CORR.
                              EL.    FORCE         DISP       FLUX        TEMP.
                              (#)     (%)           (%)        (%)         (%)
     1     1     1     1        0  0.1265E+02  0.1000E+03  0.0000E+00  0.0000E+00
     1     1     1     2        0  0.0000E+00  0.6225E-02  0.0000E+00  0.0000E+00
     1     2     1     1        0  0.1684E+03  0.3138E+01  0.0000E+00  0.0000E+00
     1     2     1     2        0  0.1705E+01  0.2657E+00  0.0000E+00  0.0000E+00
     1     2     1     3        0  0.0000E+00  0.2298E-02  0.0000E+00  0.0000E+00
     1     3     1     1        0  0.1989E+03  0.7693E+01  0.0000E+00  0.0000E+00
     1     3     1     2        0  0.4165E+02  0.6014E+00  0.0000E+00  0.0000E+00
     1     3     1     3        0  0.6974E-01  0.3386E-01  0.0000E+00  0.0000E+00
     1     4     1     1        0  0.4535E+03  0.1082E+02  0.0000E+00  0.0000E+00
     1     4     1     2        0  0.2807E+02  0.1414E+01  0.0000E+00  0.0000E+00
     1     4     1     3        0  0.6737E+00  0.7295E-01  0.0000E+00  0.0000E+00
     1     4     1     4        0  0.0000E+00  0.7051E-03  0.0000E+00  0.0000E+00
     1     5     1     1        0  0.1058E+04  0.3518E+02  0.0000E+00  0.0000E+00
     1     5     1     2        0  0.2120E+03  0.1182E+02  0.0000E+00  0.0000E+00
     1     5     1     3        0  0.3354E+02  0.1010E+01  0.0000E+00  0.0000E+00
     1     5     1     4        0  0.2273E+00  0.3734E-01  0.0000E+00  0.0000E+00
     1     6     1     1        0  0.1644E+04  0.1501E+02  0.0000E+00  0.0000E+00
     1     6     1     2        0  0.1655E+03  0.1516E+01  0.0000E+00  0.0000E+00
     1     6     1     3        0  0.2229E+01  0.1233E+00  0.0000E+00  0.0000E+00
     1     6     1     4        0  0.0000E+00  0.2490E-02  0.0000E+00  0.0000E+00
     1     7     1     1        0  0.9255E+02  0.4824E+01  0.0000E+00  0.0000E+00
     1     7     1     2        0  0.8842E+01  0.3659E+00  0.0000E+00  0.0000E+00
     1     7     1     3        0  0.1703E-01  0.1193E-01  0.0000E+00  0.0000E+00
     1     8     1     1        0  0.5515E+02  0.4107E+01  0.0000E+00  0.0000E+00
     1     8     1     2        0  0.1713E+01  0.1803E+00  0.0000E+00  0.0000E+00
     1     8     1     3        0  0.0000E+00  0.2607E-02  0.0000E+00  0.0000E+00
     1     9     1     1        0  0.3942E+02  0.3761E+01  0.0000E+00  0.0000E+00
     1     9     1     2        0  0.1897E+00  0.1282E+00  0.0000E+00  0.0000E+00
     1    10     1     1        0  0.1351E+02  0.3170E+01  0.0000E+00  0.0000E+00
     1    10     1     2        0  0.9521E-01  0.1090E+00  0.0000E+00  0.0000E+00
     1    11     1     1        0  0.8831E+02  0.2507E+01  0.0000E+00  0.0000E+00
     1    11     1     2        0  0.9817E+01  0.9294E-01  0.0000E+00  0.0000E+00
     1    11     1     3        0  0.2639E-01  0.9344E-02  0.0000E+00  0.0000E+00
     1    12     1     1        0  0.4121E+02  0.2350E+01  0.0000E+00  0.0000E+00
     1    12     1     2        0  0.8405E-01  0.5455E-01  0.0000E+00  0.0000E+00
     1    13     1     1        0  0.9458E+01  0.1971E+01  0.0000E+00  0.0000E+00
     1    13     1     2        0  0.1679E+00  0.4840E-01  0.0000E+00  0.0000E+00
     1    14     1     1        0  0.8049E+01  0.2206E+01  0.0000E+00  0.0000E+00
     1    14     1     2        0  0.1626E-01  0.5405E-01  0.0000E+00  0.0000E+00
     1    15     1     1        0  0.1970E+02  0.2612E+01  0.0000E+00  0.0000E+00
     1    15     1     2        0  0.3348E-01  0.6247E-01  0.0000E+00  0.0000E+00
     1    16     1     1        0  0.7586E+01  0.3029E+01  0.0000E+00  0.0000E+00
     1    16     1     2        0  0.1923E-01  0.7112E-01  0.0000E+00  0.0000E+00
     1    17     1     1        0  0.8317E+01  0.3133E+01  0.0000E+00  0.0000E+00
     1    17     1     2        0  0.2612E-01  0.9340E-01  0.0000E+00  0.0000E+00
     1    18     1     1        0  0.8962E+01  0.2925E+01  0.0000E+00  0.0000E+00
     1    18     1     2        0  0.3189E-01  0.1149E+00  0.0000E+00  0.0000E+00
     1    19     1     1        0  0.7500E+01  0.2438E+01  0.0000E+00  0.0000E+00
     1    19     1     2        0  0.2670E-01  0.1153E+00  0.0000E+00  0.0000E+00
     1    20     1     1        0  0.4900E+01  0.1893E+01  0.0000E+00  0.0000E+00
     1    20     1     2        0  0.1704E-01  0.9951E-01  0.0000E+00  0.0000E+00
     1    21     1     1        0  0.7056E+01  0.2082E+01  0.0000E+00  0.0000E+00
     1    21     1     2        0  0.1452E-01  0.8041E-01  0.0000E+00  0.0000E+00
     1    22     1     1        0  0.5849E+01  0.2348E+01  0.0000E+00  0.0000E+00
     1    22     1     2        0  0.1971E-01  0.8531E-01  0.0000E+00  0.0000E+00
     1    23     1     1        0  0.5539E+01  0.2580E+01  0.0000E+00  0.0000E+00
     1    23     1     2        0  0.1401E+00  0.9525E-01  0.0000E+00  0.0000E+00
     1    24     1     1        0  0.5376E+01  0.2704E+01  0.0000E+00  0.0000E+00
     1    24     1     2        0  0.1811E-01  0.1012E+00  0.0000E+00  0.0000E+00
     1    25     1     1        0  0.5284E+01  0.2458E+01  0.0000E+00  0.0000E+00
     1    25     1     2        0  0.1863E-01  0.1133E+00  0.0000E+00  0.0000E+00
     1    26     1     1        0  0.4517E+01  0.2401E+01  0.0000E+00  0.0000E+00
     1    26     1     2        0  0.2152E-01  0.1397E+00  0.0000E+00  0.0000E+00
     1    27     1     1        0  0.3784E+01  0.2448E+01  0.0000E+00  0.0000E+00
     1    27     1     2        0  0.1875E-01  0.1358E+00  0.0000E+00  0.0000E+00
     1    28     1     1        0  0.5647E+01  0.2463E+01  0.0000E+00  0.0000E+00
     1    28     1     2        0  0.1476E-01  0.1374E+00  0.0000E+00  0.0000E+00
     1    29     1     1        0  0.2651E+01  0.2264E+01  0.0000E+00  0.0000E+00
     1    29     1     2        0  0.1276E-01  0.1236E+00  0.0000E+00  0.0000E+00
     1    30     1     1        0  0.2752E+01  0.1915E+01  0.0000E+00  0.0000E+00
     1    30     1     2        0  0.1041E-01  0.1031E+00  0.0000E+00  0.0000E+00
     1    31     1     1        0  0.2729E+01  0.1555E+01  0.0000E+00  0.0000E+00
     1    31     1     2        0  0.9681E-02  0.9272E-01  0.0000E+00  0.0000E+00
     1    32     1     1        0  0.2422E+01  0.1635E+01  0.0000E+00  0.0000E+00
     1    32     1     2        0  0.9806E-02  0.8372E-01  0.0000E+00  0.0000E+00
     1    33     1     1        0  0.2186E+01  0.1658E+01  0.0000E+00  0.0000E+00
     1    33     1     2        0  0.1253E-01  0.8815E-01  0.0000E+00  0.0000E+00
     1    34     1     1        0  0.2570E+01  0.1604E+01  0.0000E+00  0.0000E+00
     1    34     1     2        0  0.1624E-01  0.1015E+00  0.0000E+00  0.0000E+00
     1    35     1     1        0  0.3093E+01  0.1593E+01  0.0000E+00  0.0000E+00
     1    35     1     2        0  0.6369E-01  0.1152E+00  0.0000E+00  0.0000E+00
     1    36     1     1        0  0.3398E+01  0.1552E+01  0.0000E+00  0.0000E+00
     1    36     1     2        0  0.2561E-01  0.1262E+00  0.0000E+00  0.0000E+00
     1    37     1     1        0  0.3560E+01  0.1500E+01  0.0000E+00  0.0000E+00
     1    37     1     2        0  0.2917E-01  0.1322E+00  0.0000E+00  0.0000E+00
     1    38     1     1        0  0.3257E+01  0.1543E+01  0.0000E+00  0.0000E+00
     1    38     1     2        0  0.2921E-01  0.1285E+00  0.0000E+00  0.0000E+00
     1    39     1     1        0  0.2484E+01  0.1492E+01  0.0000E+00  0.0000E+00
     1    39     1     2        0  0.2532E-01  0.1154E+00  0.0000E+00  0.0000E+00
     1    40     1     1        0  0.1610E+01  0.1486E+01  0.0000E+00  0.0000E+00
     1    40     1     2        0  0.1941E-01  0.9548E-01  0.0000E+00  0.0000E+00
     1    41     1     1        0  0.2025E+01  0.1501E+01  0.0000E+00  0.0000E+00
     1    41     1     2        0  0.5408E-01  0.7717E-01  0.0000E+00  0.0000E+00
     1    42     1     1        0  0.4276E+01  0.1418E+01  0.0000E+00  0.0000E+00
     1    42     1     2        0  0.1334E-01  0.7073E-01  0.0000E+00  0.0000E+00
     1    43     1     1        0  0.3409E+01  0.1346E+01  0.0000E+00  0.0000E+00
     1    43     1     2        0  0.1415E-01  0.7110E-01  0.0000E+00  0.0000E+00
     1    44     1     1        0  0.1845E+00  0.9336E+00  0.0000E+00  0.0000E+00
     1    44     1     2        0  0.3052E-02  0.2258E-01  0.0000E+00  0.0000E+00
