SUMMARY OF C0NVERGENCE INFORMATION
  STEP   INC  ATT   ITER     CONT.   RESID.        CORR.      RESID.      CORR.
                              EL.    FORCE         DISP       FLUX        TEMP.
                              (#)     (%)           (%)        (%)         (%)
     1     1     1     1        0  0.6933E+01  0.1000E+03  0.0000E+00  0.0000E+00
     1     1     1     2        0  0.0000E+00  0.2387E-02  0.0000E+00  0.0000E+00
     1     2     1     1        0  0.0000E+00  0.4773E-02  0.0000E+00  0.0000E+00
     1     2     1     2        0  0.0000E+00  0.1395E-08  0.0000E+00  0.0000E+00
     1     3     1     1        0  0.4773E+01  0.6502E+00  0.0000E+00  0.0000E+00
     1     3     1     2        0  0.0000E+00  0.2826E-02  0.0000E+00  0.0000E+00
     1     4     1     1        0  0.4248E+03  0.5644E+01  0.0000E+00  0.0000E+00
     1     4     1     2        0  0.2537E+02  0.3402E+00  0.0000E+00  0.0000E+00
     1     4     1     3        0  0.0000E+00  0.1279E-01  0.0000E+00  0.0000E+00
     1     5     1     1        0  0.4279E+03  0.5576E+01  0.0000E+00  0.0000E+00
     1     5     1     2        0  0.2906E+02  0.4366E+00  0.0000E+00  0.0000E+00
     1     5     1     3        0  0.2352E+00  0.3069E-01  0.0000E+00  0.0000E+00
     1     6     1     1        0  0.8842E+03  0.1197E+02  0.0000E+00  0.0000E+00
     1     6     1     2        0  0.3035E+03  0.3159E+01  0.0000E+00  0.0000E+00
     1     6     1     3        0  0.4404E+02  0.7311E+00  0.0000E+00  0.0000E+00
     1     6     1     4        0  0.2629E+00  0.3734E-01  0.0000E+00  0.0000E+00
     1     7     1     1        0  0.7302E+04  0.4667E+02  0.0000E+00  0.0000E+00
     1     7     1     2        0  0.4462E+03  0.6583E+01  0.0000E+00  0.0000E+00
     1     7     1     3        0  0.4365E+02  0.2883E+00  0.0000E+00  0.0000E+00
     1     7     1     4        0  0.2681E+00  0.1246E-01  0.0000E+00  0.0000E+00
     1     8     1     1        0  0.3758E+04  0.2138E+02  0.0000E+00  0.0000E+00
     1     8     1     2        0  0.2389E+03  0.4149E+01  0.0000E+00  0.0000E+00
     1     8     1     3        0  0.5996E+02  0.4386E+00  0.0000E+00  0.0000E+00
     1     8     1     4        0  0.7069E+00  0.5320E-01  0.0000E+00  0.0000E+00
     1     8     1     5        0  0.0000E+00  0.4752E-03  0.0000E+00  0.0000E+00
     1     9     1     1        0  0.2500E+03  0.4595E+01  0.0000E+00  0.0000E+00
     1     9     1     2        0  0.8548E+01  0.2541E+00  0.0000E+00  0.0000E+00
     1     9     1     3        0  0.2080E-01  0.1051E-01  0.0000E+00  0.0000E+00
     1    10     1     1        0  0.4055E+02  0.2809E+01  0.0000E+00  0.0000E+00
     1    10     1     2        0  0.1187E+01  0.1076E+00  0.0000E+00  0.0000E+00
     1    10     1     3        0  0.0000E+00  0.6518E-03  0.0000E+00  0.0000E+00
     1    11     1     1        0  0.4993E+02  0.2457E+01  0.0000E+00  0.0000E+00
     1    11     1     2        0  0.1552E+01  0.3881E-01  0.0000E+00  0.0000E+00
     1    11     1     3        0  0.0000E+00  0.1129E-02  0.0000E+00  0.0000E+00
     1    12     1     1        0  0.2236E+02  0.1912E+01  0.0000E+00  0.0000E+00
     1    12     1     2        0  0.1624E-01  0.3417E-01  0.0000E+00  0.0000E+00
     1    13     1     1        0  0.1687E+02  0.1516E+01  0.0000E+00  0.0000E+00
     1    13     1     2        0  0.8214E+00  0.3530E-01  0.0000E+00  0.0000E+00
     1    13     1     3        0  0.0000E+00  0.3193E-03  0.0000E+00  0.0000E+00
     1    14     1     1        0  0.9394E+01  0.1173E+01  0.0000E+00  0.0000E+00
     1    14     1     2        0  0.1979E+00  0.3178E-01  0.0000E+00  0.0000E+00
     1    15     1     1        0  0.5685E+01  0.9421E+00  0.0000E+00  0.0000E+00
     1    15     1     2        0  0.1223E-01  0.3164E-01  0.0000E+00  0.0000E+00
     1    16     1     1        0  0.8025E+01  0.8352E+00  0.0000E+00  0.0000E+00
     1    16     1     2        0  0.1103E-01  0.3417E-01  0.0000E+00  0.0000E+00
     1    17     1     1        0  0.4216E+01  0.8177E+00  0.0000E+00  0.0000E+00
     1    17     1     2        0  0.4120E-01  0.3415E-01  0.0000E+00  0.0000E+00
     1    18     1     1        0  0.5077E+01  0.7324E+00  0.0000E+00  0.0000E+00
     1    18     1     2        0  0.9231E-02  0.3468E-01  0.0000E+00  0.0000E+00
     1    19     1     1        0  0.1646E+01  0.6810E+00  0.0000E+00  0.0000E+00
     1    19     1     2        0  0.7361E-02  0.3529E-01  0.0000E+00  0.0000E+00
     1    20     1     1        0  0.5734E+01  0.7275E+00  0.0000E+00  0.0000E+00
     1    20     1     2        0  0.2787E+00  0.3670E-01  0.0000E+00  0.0000E+00
     1    21     1     1        0  0.5622E+01  0.7863E+00  0.0000E+00  0.0000E+00
     1    21     1     2        0  0.6785E-01  0.3778E-01  0.0000E+00  0.0000E+00
     1    22     1     1        0  0.3525E+01  0.9100E+00  0.0000E+00  0.0000E+00
     1    22     1     2        0  0.2522E+00  0.3936E-01  0.0000E+00  0.0000E+00
     1    23     1     1        0  0.4595E+01  0.1122E+01  0.0000E+00  0.0000E+00
     1    23     1     2        0  0.9787E+00  0.4104E-01  0.0000E+00  0.0000E+00
     1    23     1     3        0  0.1898E-01  0.9245E-03  0.0000E+00  0.0000E+00
     1    24     1     1        0  0.1783E+02  0.1510E+01  0.0000E+00  0.0000E+00
     1    24     1     2        0  0.2445E+01  0.6246E-01  0.0000E+00  0.0000E+00
     1    24     1     3        0  0.1493E-01  0.2823E-02  0.0000E+00  0.0000E+00
     1    25     1     1        0  0.2635E+02  0.1710E+01  0.0000E+00  0.0000E+00
     1    25     1     2        0  0.2396E+01  0.8967E-01  0.0000E+00  0.0000E+00
     1    25     1     3        0  0.2781E+00  0.3718E-02  0.0000E+00  0.0000E+00
     1    26     1     1        0  0.1759E+02  0.1652E+01  0.0000E+00  0.0000E+00
     1    26     1     2        0  0.2625E+01  0.9397E-01  0.0000E+00  0.0000E+00
     1    26     1     3        0  0.4011E+00  0.2922E-02  0.0000E+00  0.0000E+00
     1    27     1     1        0  0.1281E+02  0.1602E+01  0.0000E+00  0.0000E+00
     1    27     1     2        0  0.1298E+01  0.6623E-01  0.0000E+00  0.0000E+00
     1    27     1     3        0  0.4882E+00  0.1485E-02  0.0000E+00  0.0000E+00
     1    28     1     1        0  0.1018E+02  0.1545E+01  0.0000E+00  0.0000E+00
     1    28     1     2        0  0.1512E+01  0.6100E-01  0.0000E+00  0.0000E+00
     1    28     1     3        0  0.3192E-01  0.1691E-02  0.0000E+00  0.0000E+00
     1    29     1     1        0  0.7789E+01  0.1489E+01  0.0000E+00  0.0000E+00
     1    29     1     2        0  0.8007E+00  0.6059E-01  0.0000E+00  0.0000E+00
     1    29     1     3        0  0.1398E-01  0.1014E-02  0.0000E+00  0.0000E+00
     1    30     1     1        0  0.9389E+01  0.1472E+01  0.0000E+00  0.0000E+00
     1    30     1     2        0  0.9290E+00  0.5485E-01  0.0000E+00  0.0000E+00
     1    30     1     3        0  0.3447E-01  0.1210E-02  0.0000E+00  0.0000E+00
     1    31     1     1        0  0.1132E+02  0.1475E+01  0.0000E+00  0.0000E+00
     1    31     1     2        0  0.1447E+01  0.5734E-01  0.0000E+00  0.0000E+00
     1    31     1     3        0  0.3570E+00  0.2651E-02  0.0000E+00  0.0000E+00
     1    32     1     1        0  0.6970E+01  0.1446E+01  0.0000E+00  0.0000E+00
     1    32     1     2        0  0.5392E+00  0.5793E-01  0.0000E+00  0.0000E+00
     1    32     1     3        0  0.2801E-01  0.5784E-03  0.0000E+00  0.0000E+00
     1    33     1     1        0  0.8693E+01  0.1471E+01  0.0000E+00  0.0000E+00
     1    33     1     2        0  0.8172E+00  0.6073E-01  0.0000E+00  0.0000E+00
     1    33     1     3        0  0.4372E-01  0.1012E-02  0.0000E+00  0.0000E+00
     1    34     1     1        0  0.6289E+01  0.1465E+01  0.0000E+00  0.0000E+00
     1    34     1     2        0  0.4483E+00  0.6377E-01  0.0000E+00  0.0000E+00
     1    35     1     1        0  0.1263E+02  0.1517E+01  0.0000E+00  0.0000E+00
     1    35     1     2        0  0.1289E+01  0.6796E-01  0.0000E+00  0.0000E+00
     1    35     1     3        0  0.2440E+00  0.1628E-02  0.0000E+00  0.0000E+00
     1    36     1     1        0  0.9899E+01  0.1524E+01  0.0000E+00  0.0000E+00
     1    36     1     2        0  0.8563E+00  0.7150E-01  0.0000E+00  0.0000E+00
     1    36     1     3        0  0.1193E+00  0.9633E-03  0.0000E+00  0.0000E+00
     1    37     1     1        0  0.5586E+01  0.1541E+01  0.0000E+00  0.0000E+00
     1    37     1     2        0  0.4555E+00  0.7520E-01  0.0000E+00  0.0000E+00
     1    38     1     1        0  0.7451E+01  0.1607E+01  0.0000E+00  0.0000E+00
     1    38     1     2        0  0.6275E+00  0.8048E-01  0.0000E+00  0.0000E+00
     1    38     1     3        0  0.1610E-01  0.8802E-03  0.0000E+00  0.0000E+00
     1    39     1     1        0  0.1965E+02  0.1648E+01  0.0000E+00  0.0000E+00
     1    39     1     2        0  0.9059E+00  0.8347E-01  0.0000E+00  0.0000E+00
     1    39     1     3        0  0.3897E-01  0.1650E-02  0.0000E+00  0.0000E+00
     1    40     1     1        0  0.7097E+01  0.1689E+01  0.0000E+00  0.0000E+00
     1    40     1     2        0  0.4870E+00  0.8819E-01  0.0000E+00  0.0000E+00
     1    41     1     1        0  0.8911E+01  0.1738E+01  0.0000E+00  0.0000E+00
     1    41     1     2        0  0.4788E+00  0.9312E-01  0.0000E+00  0.0000E+00
     1    42     1     1        0  0.1273E+02  0.1755E+01  0.0000E+00  0.0000E+00
     1    42     1     2        0  0.1475E+01  0.9717E-01  0.0000E+00  0.0000E+00
     1    42     1     3        0  0.2945E-02  0.2670E-02  0.0000E+00  0.0000E+00
     1    43     1     1        0  0.1482E+02  0.1775E+01  0.0000E+00  0.0000E+00
     1    43     1     2        0  0.1005E+01  0.1018E+00  0.0000E+00  0.0000E+00
     1    43     1     3        0  0.0000E+00  0.1109E-02  0.0000E+00  0.0000E+00
     1    44     1     1        0  0.8387E+01  0.1776E+01  0.0000E+00  0.0000E+00
     1    44     1     2        0  0.1409E+01  0.1065E+00  0.0000E+00  0.0000E+00
     1    44     1     3        0  0.0000E+00  0.2415E-02  0.0000E+00  0.0000E+00
     1    45     1     1        0  0.6288E+01  0.1828E+01  0.0000E+00  0.0000E+00
     1    45     1     2        0  0.3160E+00  0.1104E+00  0.0000E+00  0.0000E+00
     1    46     1     1        0  0.1649E+02  0.1859E+01  0.0000E+00  0.0000E+00
     1    46     1     2        0  0.1070E+01  0.1139E+00  0.0000E+00  0.0000E+00
     1    46     1     3        0  0.1412E+00  0.2302E-02  0.0000E+00  0.0000E+00
     1    47     1     1        0  0.1393E+02  0.1865E+01  0.0000E+00  0.0000E+00
     1    47     1     2        0  0.1689E+01  0.1164E+00  0.0000E+00  0.0000E+00
     1    47     1     3        0  0.0000E+00  0.2719E-02  0.0000E+00  0.0000E+00
     1    48     1     1        0  0.1039E+02  0.1904E+01  0.0000E+00  0.0000E+00
     1    48     1     2        0  0.5972E+00  0.1192E+00  0.0000E+00  0.0000E+00
     1    48     1     3        0  0.3406E-01  0.1397E-02  0.0000E+00  0.0000E+00
     1    49     1     1        0  0.1153E+02  0.1907E+01  0.0000E+00  0.0000E+00
     1    49     1     2        0  0.8309E+00  0.1230E+00  0.0000E+00  0.0000E+00
     1    49     1     3        0  0.0000E+00  0.1613E-02  0.0000E+00  0.0000E+00
     1    50     1     1        0  0.1160E+02  0.1924E+01  0.0000E+00  0.0000E+00
     1    50     1     2        0  0.1964E+01  0.1236E+00  0.0000E+00  0.0000E+00
     1    50     1     3        0  0.0000E+00  0.2909E-02  0.0000E+00  0.0000E+00
     1    51     1     1        0  0.6780E+01  0.1939E+01  0.0000E+00  0.0000E+00
     1    51     1     2        0  0.9818E+00  0.1241E+00  0.0000E+00  0.0000E+00
     1    51     1     3        0  0.3084E-01  0.1621E-02  0.0000E+00  0.0000E+00
     1    52     1     1        0  0.1244E+02  0.1888E+01  0.0000E+00  0.0000E+00
     1    52     1     2        0  0.1293E+01  0.1251E+00  0.0000E+00  0.0000E+00
     1    52     1     3        0  0.3253E-01  0.2641E-02  0.0000E+00  0.0000E+00
     1    53     1     1        0  0.8641E+01  0.1878E+01  0.0000E+00  0.0000E+00
     1    53     1     2        0  0.8781E+00  0.1267E+00  0.0000E+00  0.0000E+00
     1    53     1     3        0  0.1563E+00  0.2078E-02  0.0000E+00  0.0000E+00
     1    54     1     1        0  0.1450E+02  0.1871E+01  0.0000E+00  0.0000E+00
     1    54     1     2        0  0.4311E+00  0.1239E+00  0.0000E+00  0.0000E+00
     1    55     1     1        0  0.7606E+00  0.1307E+01  0.0000E+00  0.0000E+00
     1    55     1     2        0  0.1774E-01  0.3297E-01  0.0000E+00  0.0000E+00
