SUMMARY OF C0NVERGENCE INFORMATION
  STEP   INC  ATT   ITER     CONT.   RESID.        CORR.      RESID.      CORR.
                              EL.    FORCE         DISP       FLUX        TEMP.
                              (#)     (%)           (%)        (%)         (%)
     1     1     1     1        0  0.3579E+02  0.1000E+03  0.0000E+00  0.0000E+00
     1     1     1     2        0  0.7256E+01  0.5553E+00  0.0000E+00  0.0000E+00
     1     1     1     3        0  0.1435E-01  0.1191E-02  0.0000E+00  0.0000E+00
     1     2     1     1        0  0.2517E+00  0.1207E+01  0.0000E+00  0.0000E+00
     1     2     1     2        0  0.4865E+01  0.3795E-02  0.0000E+00  0.0000E+00
     1     2     1     3        0  0.0000E+00  0.2671E-03  0.0000E+00  0.0000E+00
     1     3     1     1        0  0.7486E+00  0.1742E+01  0.0000E+00  0.0000E+00
     1     3     1     2        0  0.7676E+01  0.1206E-01  0.0000E+00  0.0000E+00
     1     3     1     3        0  0.0000E+00  0.5063E-03  0.0000E+00  0.0000E+00
     1     4     1     1        0  0.3552E+01  0.3168E+01  0.0000E+00  0.0000E+00
     1     4     1     2        0  0.1645E+02  0.6244E-01  0.0000E+00  0.0000E+00
     1     4     1     3        0  0.0000E+00  0.8112E-03  0.0000E+00  0.0000E+00
     1     5     1     1        0  0.1960E+02  0.6278E+01  0.0000E+00  0.0000E+00
     1     5     1     2        0  0.4860E+02  0.4132E+00  0.0000E+00  0.0000E+00
     1     5     1     3        0  0.3987E-01  0.2866E-02  0.0000E+00  0.0000E+00
     1     6     1     1        0  0.6147E+02  0.1180E+02  0.0000E+00  0.0000E+00
     1     6     1     2        0  0.1071E+03  0.2259E+01  0.0000E+00  0.0000E+00
     1     6     1     3        0  0.1009E+01  0.8152E-01  0.0000E+00  0.0000E+00
     1     6     1     4        0  0.0000E+00  0.1177E-01  0.0000E+00  0.0000E+00
     1     7     1     1        0  0.9947E+02  0.1875E+02  0.0000E+00  0.0000E+00
     1     7     1     2        0  0.1684E+03  0.9671E+01  0.0000E+00  0.0000E+00
     1     7     1     3        0  0.1199E+02  0.7486E+00  0.0000E+00  0.0000E+00
     1     7     1     4        0  0.7832E-01  0.1014E+00  0.0000E+00  0.0000E+00
     1     8     1     1        0  0.9228E+02  0.2388E+02  0.0000E+00  0.0000E+00
     1     8     1     2        0  0.7362E+03  0.3831E+02  0.0000E+00  0.0000E+00
     1     8     1     3        0  0.1347E+03  0.1914E+01  0.0000E+00  0.0000E+00
     1     8     1     4        0  0.6256E+00  0.1079E+01  0.0000E+00  0.0000E+00
     1     8     1     5        0  0.1145E+00  0.5718E-01  0.0000E+00  0.0000E+00
     1     9     1     1        0  0.4641E+02  0.2062E+02  0.0000E+00  0.0000E+00
     1     9     1     2        0  0.7355E+04  0.1000E+03  0.0000E+00  0.0000E+00
     1     9     1     3        0  0.1453E+04  0.2931E+01  0.0000E+00  0.0000E+00
     1     9     1     4        0  0.1397E+01  0.1092E+01  0.0000E+00  0.0000E+00
     1     9     1     5        0  0.5366E+00  0.7524E+00  0.0000E+00  0.0000E+00
     1     9     1     6        0  0.1020E+00  0.4057E-03  0.0000E+00  0.0000E+00
     1    10     1     1        0  0.1453E+02  0.9302E+01  0.0000E+00  0.0000E+00
     1    10     1     2        0  0.2133E+05  0.1000E+03  0.0000E+00  0.0000E+00
     1    10     1     3        0  0.5495E+04  0.4449E+01  0.0000E+00  0.0000E+00
     1    10     1     4        0  0.1674E+04  0.1548E+02  0.0000E+00  0.0000E+00
     1    10     1     5        0  0.4407E+03  0.9432E+01  0.0000E+00  0.0000E+00
     1    10     1     6        0  0.8849E+03  0.1377E+02  0.0000E+00  0.0000E+00
     1    10     1     7        0  0.1542E+03  0.3601E+01  0.0000E+00  0.0000E+00
     1    10     1     8        0  0.1308E+03  0.5472E+01  0.0000E+00  0.0000E+00
     1    10     2     1        0  0.7109E+01  0.9795E+01  0.0000E+00  0.0000E+00
     1    10     2     2        0  0.3375E+04  0.6864E+02  0.0000E+00  0.0000E+00
     1    10     2     3        0  0.6115E+03  0.1516E+01  0.0000E+00  0.0000E+00
     1    10     2     4        0  0.1186E+02  0.3827E+01  0.0000E+00  0.0000E+00
     1    10     2     5        0  0.1761E+01  0.9456E+00  0.0000E+00  0.0000E+00
     1    10     2     6        0  0.1504E+00  0.1817E-01  0.0000E+00  0.0000E+00
     1    11     1     1        0  0.3838E+02  0.3499E+01  0.0000E+00  0.0000E+00
     1    11     1     2        0  0.2305E+04  0.2286E+02  0.0000E+00  0.0000E+00
     1    11     1     3        0  0.1561E+03  0.4050E+01  0.0000E+00  0.0000E+00
     1    11     1     4        0  0.5569E+02  0.4543E+01  0.0000E+00  0.0000E+00
     1    11     1     5        0  0.1176E+02  0.2557E+00  0.0000E+00  0.0000E+00
     1    11     1     6        0  0.2492E-01  0.3723E-01  0.0000E+00  0.0000E+00
     1    12     1     1        0  0.4195E+03  0.1514E+01  0.0000E+00  0.0000E+00
     1    12     1     2        0  0.3740E+04  0.5224E+01  0.0000E+00  0.0000E+00
     1    12     1     3        0  0.5314E+03  0.1137E+02  0.0000E+00  0.0000E+00
     1    12     1     4        0  0.1619E+03  0.6220E+01  0.0000E+00  0.0000E+00
     1    12     1     5        0  0.6781E+02  0.4234E+01  0.0000E+00  0.0000E+00
     1    12     1     6        0  0.1221E+02  0.8071E+00  0.0000E+00  0.0000E+00
     1    12     1     7        0  0.4904E+00  0.7868E-01  0.0000E+00  0.0000E+00
     1    13     1     1        0  0.8592E+03  0.1802E+01  0.0000E+00  0.0000E+00
     1    13     1     2        0  0.3762E+04  0.3325E+01  0.0000E+00  0.0000E+00
     1    13     1     3        0  0.1322E+05  0.5405E+02  0.0000E+00  0.0000E+00
     1    13     1     4        0  0.3038E+04  0.5904E+01  0.0000E+00  0.0000E+00
     1    13     1     5        0  0.3636E+05  0.9597E+02  0.0000E+00  0.0000E+00
     1    13     1     6        0  0.1237E+05  0.8188E+01  0.0000E+00  0.0000E+00
     1    13     2     1        0  0.3973E+02  0.1072E+01  0.0000E+00  0.0000E+00
     1    13     2     2        0  0.2404E+03  0.9847E+00  0.0000E+00  0.0000E+00
     1    13     2     3        0  0.7382E-01  0.5959E-01  0.0000E+00  0.0000E+00
     1    14     1     1        0  0.6015E+00  0.8834E+00  0.0000E+00  0.0000E+00
     1    14     1     2        0  0.2151E+03  0.1386E+01  0.0000E+00  0.0000E+00
     1    14     1     3        0  0.8777E-01  0.6373E-01  0.0000E+00  0.0000E+00
     1    15     1     1        0  0.1834E+02  0.1119E+01  0.0000E+00  0.0000E+00
     1    15     1     2        0  0.4348E+03  0.2093E+01  0.0000E+00  0.0000E+00
     1    15     1     3        0  0.4223E+00  0.1780E+00  0.0000E+00  0.0000E+00
     1    16     1     1        0  0.8213E+02  0.2075E+01  0.0000E+00  0.0000E+00
     1    16     1     2        0  0.8578E+03  0.3627E+01  0.0000E+00  0.0000E+00
     1    16     1     3        0  0.2587E+01  0.6021E+00  0.0000E+00  0.0000E+00
     1    16     1     4        0  0.4325E+00  0.5713E+00  0.0000E+00  0.0000E+00
     1    17     1     1        0  0.2619E+03  0.3441E+01  0.0000E+00  0.0000E+00
     1    17     1     2        0  0.1606E+04  0.5852E+01  0.0000E+00  0.0000E+00
     1    17     1     3        0  0.1030E+02  0.1831E+01  0.0000E+00  0.0000E+00
     1    17     1     4        0  0.9288E+01  0.1731E+01  0.0000E+00  0.0000E+00
     1    17     1     5        0  0.2128E+01  0.1138E-01  0.0000E+00  0.0000E+00
     1    17     1     6        0  0.0000E+00  0.6269E-03  0.0000E+00  0.0000E+00
     1    18     1     1        0  0.2958E+03  0.4272E+01  0.0000E+00  0.0000E+00
     1    18     1     2        0  0.1252E+04  0.4860E+01  0.0000E+00  0.0000E+00
     1    18     1     3        0  0.9207E+01  0.9607E+00  0.0000E+00  0.0000E+00
     1    18     1     4        0  0.2500E+01  0.9064E+00  0.0000E+00  0.0000E+00
     1    18     1     5        0  0.5936E+00  0.1461E-02  0.0000E+00  0.0000E+00
     1    18     1     6        0  0.0000E+00  0.5000E-04  0.0000E+00  0.0000E+00
     1    19     1     1        0  0.1935E+03  0.4292E+01  0.0000E+00  0.0000E+00
     1    19     1     2        0  0.9904E+03  0.3739E+01  0.0000E+00  0.0000E+00
     1    19     1     3        0  0.5896E+01  0.5352E+00  0.0000E+00  0.0000E+00
     1    19     1     4        0  0.7409E+00  0.5018E+00  0.0000E+00  0.0000E+00
     1    19     1     5        0  0.1806E+00  0.6489E-03  0.0000E+00  0.0000E+00
     1    20     1     1        0  0.1160E+03  0.4191E+01  0.0000E+00  0.0000E+00
     1    20     1     2        0  0.8048E+03  0.3046E+01  0.0000E+00  0.0000E+00
     1    20     1     3        0  0.3840E+01  0.3330E+00  0.0000E+00  0.0000E+00
     1    20     1     4        0  0.2690E+00  0.3068E+00  0.0000E+00  0.0000E+00
     1    21     1     1        0  0.1608E+03  0.3879E+01  0.0000E+00  0.0000E+00
     1    21     1     2        0  0.6701E+03  0.1582E+01  0.0000E+00  0.0000E+00
     1    21     1     3        0  0.1723E+01  0.1617E+00  0.0000E+00  0.0000E+00
     1    21     1     4        0  0.6826E-01  0.1469E+00  0.0000E+00  0.0000E+00
     1    22     1     1        0  0.2783E+03  0.4819E+01  0.0000E+00  0.0000E+00
     1    22     1     2        0  0.1297E+04  0.2689E+01  0.0000E+00  0.0000E+00
     1    22     1     3        0  0.1067E+02  0.5350E+00  0.0000E+00  0.0000E+00
     1    22     1     4        0  0.1459E+01  0.5313E+00  0.0000E+00  0.0000E+00
     1    22     1     5        0  0.3739E+00  0.8752E-03  0.0000E+00  0.0000E+00
     1    23     1     1        0  0.3130E+03  0.5892E+01  0.0000E+00  0.0000E+00
     1    23     1     2        0  0.1065E+04  0.3461E+01  0.0000E+00  0.0000E+00
     1    23     1     3        0  0.8548E+01  0.5783E+00  0.0000E+00  0.0000E+00
     1    23     1     4        0  0.1085E+01  0.5682E+00  0.0000E+00  0.0000E+00
     1    23     1     5        0  0.2804E+00  0.5570E-03  0.0000E+00  0.0000E+00
     1    24     1     1        0  0.1776E+03  0.5621E+01  0.0000E+00  0.0000E+00
     1    24     1     2        0  0.8498E+03  0.3538E+01  0.0000E+00  0.0000E+00
     1    24     1     3        0  0.8654E+01  0.4182E+00  0.0000E+00  0.0000E+00
     1    24     1     4        0  0.3806E+00  0.4055E+00  0.0000E+00  0.0000E+00
     1    25     1     1        0  0.1979E+03  0.5031E+01  0.0000E+00  0.0000E+00
     1    25     1     2        0  0.6961E+03  0.3460E+01  0.0000E+00  0.0000E+00
     1    25     1     3        0  0.3690E+01  0.3006E+00  0.0000E+00  0.0000E+00
     1    25     1     4        0  0.3895E+00  0.2929E+00  0.0000E+00  0.0000E+00
     1    26     1     1        0  0.1010E+04  0.5702E+01  0.0000E+00  0.0000E+00
     1    26     1     2        0  0.1309E+04  0.4086E+01  0.0000E+00  0.0000E+00
     1    26     1     3        0  0.1182E+03  0.7224E+00  0.0000E+00  0.0000E+00
     1    26     1     4        0  0.1533E+01  0.7499E+00  0.0000E+00  0.0000E+00
     1    26     1     5        0  0.4054E+00  0.7601E-03  0.0000E+00  0.0000E+00
     1    27     1     1        0  0.1480E+04  0.6317E+01  0.0000E+00  0.0000E+00
     1    27     1     2        0  0.1080E+04  0.4831E+01  0.0000E+00  0.0000E+00
     1    27     1     3        0  0.6762E+01  0.5701E+00  0.0000E+00  0.0000E+00
     1    27     1     4        0  0.8004E+00  0.6318E+00  0.0000E+00  0.0000E+00
     1    27     1     5        0  0.2121E+00  0.3901E-03  0.0000E+00  0.0000E+00
     1    28     1     1        0  0.5729E+03  0.6002E+01  0.0000E+00  0.0000E+00
     1    28     1     2        0  0.8885E+03  0.4810E+01  0.0000E+00  0.0000E+00
     1    28     1     3        0  0.4232E+01  0.3937E+00  0.0000E+00  0.0000E+00
     1    28     1     4        0  0.4598E+00  0.4560E+00  0.0000E+00  0.0000E+00
     1    29     1     1        0  0.6568E+03  0.5819E+01  0.0000E+00  0.0000E+00
     1    29     1     2        0  0.7478E+03  0.4549E+01  0.0000E+00  0.0000E+00
     1    29     1     3        0  0.2695E+01  0.2678E+00  0.0000E+00  0.0000E+00
     1    29     1     4        0  0.1278E+00  0.3326E+00  0.0000E+00  0.0000E+00
     1    30     1     1        0  0.5244E+03  0.5476E+01  0.0000E+00  0.0000E+00
     1    30     1     2        0  0.7127E+03  0.4372E+01  0.0000E+00  0.0000E+00
     1    30     1     3        0  0.1312E+02  0.2415E+00  0.0000E+00  0.0000E+00
     1    30     1     4        0  0.8912E-01  0.2934E+00  0.0000E+00  0.0000E+00
     1    31     1     1        0  0.7702E+03  0.5213E+01  0.0000E+00  0.0000E+00
     1    31     1     2        0  0.6195E+03  0.4024E+01  0.0000E+00  0.0000E+00
     1    31     1     3        0  0.1469E+01  0.2001E+00  0.0000E+00  0.0000E+00
     1    31     1     4        0  0.1974E+00  0.2290E+00  0.0000E+00  0.0000E+00
     1    32     1     1        0  0.5870E+03  0.4763E+01  0.0000E+00  0.0000E+00
     1    32     1     2        0  0.5447E+03  0.3534E+01  0.0000E+00  0.0000E+00
     1    32     1     3        0  0.1074E+01  0.1698E+00  0.0000E+00  0.0000E+00
     1    32     1     4        0  0.2363E-01  0.1788E+00  0.0000E+00  0.0000E+00
     1    33     1     1        0  0.2768E+03  0.4490E+01  0.0000E+00  0.0000E+00
     1    33     1     2        0  0.4845E+03  0.3188E+01  0.0000E+00  0.0000E+00
     1    33     1     3        0  0.1648E+01  0.1576E+00  0.0000E+00  0.0000E+00
     1    33     1     4        0  0.1343E-01  0.1439E+00  0.0000E+00  0.0000E+00
     1    34     1     1        0  0.2993E+03  0.4242E+01  0.0000E+00  0.0000E+00
     1    34     1     2        0  0.4349E+03  0.2915E+01  0.0000E+00  0.0000E+00
     1    34     1     3        0  0.1558E+01  0.1311E+00  0.0000E+00  0.0000E+00
     1    34     1     4        0  0.1224E-01  0.1169E+00  0.0000E+00  0.0000E+00
     1    35     1     1        0  0.1331E+03  0.4082E+01  0.0000E+00  0.0000E+00
     1    35     1     2        0  0.3935E+03  0.2693E+01  0.0000E+00  0.0000E+00
     1    35     1     3        0  0.5346E+00  0.1123E+00  0.0000E+00  0.0000E+00
     1    35     1     4        0  0.1201E-01  0.9620E-01  0.0000E+00  0.0000E+00
     1    36     1     1        0  0.1546E+03  0.3851E+01  0.0000E+00  0.0000E+00
     1    36     1     2        0  0.3587E+03  0.2477E+01  0.0000E+00  0.0000E+00
     1    36     1     3        0  0.6277E+00  0.1001E+00  0.0000E+00  0.0000E+00
     1    36     1     4        0  0.1192E-01  0.8064E-01  0.0000E+00  0.0000E+00
     1    37     1     1        0  0.6510E+02  0.3666E+01  0.0000E+00  0.0000E+00
     1    37     1     2        0  0.3289E+03  0.2323E+01  0.0000E+00  0.0000E+00
     1    37     1     3        0  0.1444E+02  0.9123E-01  0.0000E+00  0.0000E+00
     1    37     1     4        0  0.1145E-01  0.7063E-01  0.0000E+00  0.0000E+00
     1    38     1     1        0  0.1084E+03  0.3500E+01  0.0000E+00  0.0000E+00
     1    38     1     2        0  0.3032E+03  0.2214E+01  0.0000E+00  0.0000E+00
     1    38     1     3        0  0.9401E+00  0.7783E-01  0.0000E+00  0.0000E+00
     1    38     1     4        0  0.1101E-01  0.5895E-01  0.0000E+00  0.0000E+00
     1    39     1     1        0  0.1678E+03  0.3318E+01  0.0000E+00  0.0000E+00
     1    39     1     2        0  0.2807E+03  0.2081E+01  0.0000E+00  0.0000E+00
     1    39     1     3        0  0.2989E+01  0.7064E-01  0.0000E+00  0.0000E+00
     1    39     1     4        0  0.6747E-01  0.4926E-01  0.0000E+00  0.0000E+00
     1    40     1     1        0  0.5208E+02  0.3126E+01  0.0000E+00  0.0000E+00
     1    40     1     2        0  0.2608E+03  0.1958E+01  0.0000E+00  0.0000E+00
     1    40     1     3        0  0.2061E+01  0.6417E-01  0.0000E+00  0.0000E+00
     1    40     1     4        0  0.1053E-01  0.4295E-01  0.0000E+00  0.0000E+00
     1    41     1     1        0  0.3400E+02  0.2973E+01  0.0000E+00  0.0000E+00
     1    41     1     2        0  0.2434E+03  0.1820E+01  0.0000E+00  0.0000E+00
     1    41     1     3        0  0.2566E+02  0.5214E-01  0.0000E+00  0.0000E+00
     1    41     1     4        0  0.8870E-02  0.4176E-01  0.0000E+00  0.0000E+00
     1    42     1     1        0  0.1600E+03  0.2731E+01  0.0000E+00  0.0000E+00
     1    42     1     2        0  0.2278E+03  0.1725E+01  0.0000E+00  0.0000E+00
     1    42     1     3        0  0.1612E+00  0.4396E-01  0.0000E+00  0.0000E+00
     1    43     1     1        0  0.2308E+03  0.2747E+01  0.0000E+00  0.0000E+00
     1    43     1     2        0  0.2138E+03  0.1579E+01  0.0000E+00  0.0000E+00
     1    43     1     3        0  0.1202E+00  0.4007E-01  0.0000E+00  0.0000E+00
     1    44     1     1        0  0.4713E+02  0.2581E+01  0.0000E+00  0.0000E+00
     1    44     1     2        0  0.2013E+03  0.1607E+01  0.0000E+00  0.0000E+00
     1    44     1     3        0  0.9097E-01  0.3821E-01  0.0000E+00  0.0000E+00
     1    45     1     1        0  0.1285E+03  0.2585E+01  0.0000E+00  0.0000E+00
     1    45     1     2        0  0.1896E+03  0.1527E+01  0.0000E+00  0.0000E+00
     1    45     1     3        0  0.6724E-01  0.3610E-01  0.0000E+00  0.0000E+00
     1    46     1     1        0  0.1363E+03  0.2526E+01  0.0000E+00  0.0000E+00
     1    46     1     2        0  0.1793E+03  0.1471E+01  0.0000E+00  0.0000E+00
     1    46     1     3        0  0.6397E-01  0.3478E-01  0.0000E+00  0.0000E+00
     1    47     1     1        0  0.8165E+02  0.2396E+01  0.0000E+00  0.0000E+00
     1    47     1     2        0  0.1697E+03  0.1371E+01  0.0000E+00  0.0000E+00
     1    47     1     3        0  0.6294E-01  0.3287E-01  0.0000E+00  0.0000E+00
     1    48     1     1        0  0.5858E+02  0.2394E+01  0.0000E+00  0.0000E+00
     1    48     1     2        0  0.1610E+03  0.1311E+01  0.0000E+00  0.0000E+00
     1    48     1     3        0  0.6527E-01  0.3213E-01  0.0000E+00  0.0000E+00
     1    49     1     1        0  0.4706E+02  0.2355E+01  0.0000E+00  0.0000E+00
     1    49     1     2        0  0.1531E+03  0.1263E+01  0.0000E+00  0.0000E+00
     1    49     1     3        0  0.5997E-01  0.3082E-01  0.0000E+00  0.0000E+00
     1    50     1     1        0  0.8311E+02  0.2273E+01  0.0000E+00  0.0000E+00
     1    50     1     2        0  0.1457E+03  0.1175E+01  0.0000E+00  0.0000E+00
     1    50     1     3        0  0.5851E-01  0.2960E-01  0.0000E+00  0.0000E+00
     1    51     1     1        0  0.3578E+02  0.2221E+01  0.0000E+00  0.0000E+00
     1    51     1     2        0  0.1389E+03  0.1093E+01  0.0000E+00  0.0000E+00
     1    51     1     3        0  0.5693E-01  0.2905E-01  0.0000E+00  0.0000E+00
     1    52     1     1        0  0.5102E+02  0.2160E+01  0.0000E+00  0.0000E+00
     1    52     1     2        0  0.1327E+03  0.1068E+01  0.0000E+00  0.0000E+00
     1    52     1     3        0  0.5529E-01  0.2900E-01  0.0000E+00  0.0000E+00
     1    53     1     1        0  0.7688E+02  0.2097E+01  0.0000E+00  0.0000E+00
     1    53     1     2        0  0.1268E+03  0.1119E+01  0.0000E+00  0.0000E+00
     1    53     1     3        0  0.5429E-01  0.3006E-01  0.0000E+00  0.0000E+00
     1    54     1     1        0  0.1051E+03  0.2056E+01  0.0000E+00  0.0000E+00
     1    54     1     2        0  0.1213E+03  0.1040E+01  0.0000E+00  0.0000E+00
     1    54     1     3        0  0.2581E+01  0.3033E-01  0.0000E+00  0.0000E+00
     1    54     1     4        0  0.6819E-02  0.1246E-01  0.0000E+00  0.0000E+00
     1    55     1     1        0  0.2939E+02  0.2001E+01  0.0000E+00  0.0000E+00
     1    55     1     2        0  0.1162E+03  0.1115E+01  0.0000E+00  0.0000E+00
     1    55     1     3        0  0.6094E-01  0.3043E-01  0.0000E+00  0.0000E+00
     1    56     1     1        0  0.3192E+02  0.1944E+01  0.0000E+00  0.0000E+00
     1    56     1     2        0  0.1111E+03  0.1059E+01  0.0000E+00  0.0000E+00
     1    56     1     3        0  0.6266E-01  0.3025E-01  0.0000E+00  0.0000E+00
     1    57     1     1        0  0.3472E+02  0.1909E+01  0.0000E+00  0.0000E+00
     1    57     1     2        0  0.1064E+03  0.9225E+00  0.0000E+00  0.0000E+00
     1    57     1     3        0  0.6382E-01  0.2966E-01  0.0000E+00  0.0000E+00
     1    58     1     1        0  0.4739E+02  0.1869E+01  0.0000E+00  0.0000E+00
     1    58     1     2        0  0.1023E+03  0.8977E+00  0.0000E+00  0.0000E+00
     1    58     1     3        0  0.6393E-01  0.3376E-01  0.0000E+00  0.0000E+00
     1    59     1     1        0  0.7462E+02  0.1808E+01  0.0000E+00  0.0000E+00
     1    59     1     2        0  0.9844E+02  0.9284E+00  0.0000E+00  0.0000E+00
     1    59     1     3        0  0.6426E-01  0.3542E-01  0.0000E+00  0.0000E+00
     1    60     1     1        0  0.9173E+02  0.1771E+01  0.0000E+00  0.0000E+00
     1    60     1     2        0  0.9462E+02  0.8937E+00  0.0000E+00  0.0000E+00
     1    60     1     3        0  0.6486E-01  0.3240E-01  0.0000E+00  0.0000E+00
     1    61     1     1        0  0.1757E+02  0.1750E+01  0.0000E+00  0.0000E+00
     1    61     1     2        0  0.9096E+02  0.9401E+00  0.0000E+00  0.0000E+00
     1    61     1     3        0  0.6458E-01  0.3618E-01  0.0000E+00  0.0000E+00
     1    62     1     1        0  0.1069E+02  0.1694E+01  0.0000E+00  0.0000E+00
     1    62     1     2        0  0.8736E+02  0.9294E+00  0.0000E+00  0.0000E+00
     1    62     1     3        0  0.6417E-01  0.3485E-01  0.0000E+00  0.0000E+00
     1    63     1     1        0  0.2387E+00  0.7890E+00  0.0000E+00  0.0000E+00
     1    63     1     2        0  0.3290E+00  0.2716E-01  0.0000E+00  0.0000E+00
